<?xml version="1.0" encoding="UTF-8" standalone="no"?>
<testsuite failures="0" name="cucumber.runtime.formatter.JUnitFormatter" skipped="0" tests="11" time="10.063179">
<testcase classname="Rest API Call with Cucumber demo" name="verify albums api" time="3.955998">
<system-out><![CDATA[When user send a GET request to "http://jsonplaceholder.typicode.com/albums".passed
Then status code should be 200..............................................passed
]]></system-out>
</testcase>
<testcase classname="Rest API Call with Cucumber demo" name="validate Album Size" time="0.405216">
<system-out><![CDATA[When user sends a GET request to "http://jsonplaceholder.typicode.com/albums".passed
Then album size should be 100...............................................passed
]]></system-out>
</testcase>
<testcase classname="Rest API Call with Cucumber demo" name="verify users api" time="0.436488">
<system-out><![CDATA[When user calls the user api "http://jsonplaceholder.typicode.com/users"....passed
Then response status code should be 200.....................................passed
And on response user "Bret" should belong to company "Romaguera-Crona" and city "Gwenborough".passed
]]></system-out>
</testcase>
<testcase classname="Rest API Call with Cucumber demo" name="verify users api for individual users" time="0.335638">
<system-out><![CDATA[When user calls the user api to match user and company "http://jsonplaceholder.typicode.com/users".passed
Then on response userName "Antonette" should belong to company "Deckow-Crist".passed
]]></system-out>
</testcase>
<testcase classname="Rest API Call with Cucumber demo" name="verify users api for individual users 2" time="0.380862">
<system-out><![CDATA[When user calls the user api to match user and company "http://jsonplaceholder.typicode.com/users".passed
Then on response userName "Samantha" should belong to company "Romaguera-Jacobson".passed
]]></system-out>
</testcase>
<testcase classname="Rest API Call with Cucumber demo" name="verify users api for individual users 3" time="0.322552">
<system-out><![CDATA[When user calls the user api to match user and company "http://jsonplaceholder.typicode.com/users".passed
Then on response userName "Karianne" should belong to company "Robel-Corkery".passed
]]></system-out>
</testcase>
<testcase classname="Rest API Call with Cucumber demo" name="verify users api for individual users 4" time="1.323444">
<system-out><![CDATA[When user calls the user api to match user and company "http://jsonplaceholder.typicode.com/users".passed
Then on response userName "Bret" should belong to company "Romaguera-Crona".passed
]]></system-out>
</testcase>
<testcase classname="Rest API Call with Cucumber demo" name="verify users api for individual users 5" time="1.300414">
<system-out><![CDATA[When user calls the user api to match user and company "http://jsonplaceholder.typicode.com/users".passed
Then on response userName "Antonette" should belong to company "Deckow-Crist".passed
]]></system-out>
</testcase>
<testcase classname="Rest API Call with Cucumber demo" name="verify users api for individual users 6" time="0.296301">
<system-out><![CDATA[When user calls the user api to match user and company "http://jsonplaceholder.typicode.com/users".passed
Then on response userName "Kamren" should belong to company "Keebler LLC"...passed
]]></system-out>
</testcase>
<testcase classname="Rest API Call with Cucumber demo" name="verify users api for individual users 7" time="0.361848">
<system-out><![CDATA[When user calls the user api to match user and company "http://jsonplaceholder.typicode.com/users".passed
Then on response userName "Leopoldo_Corkery" should belong to company "Considine-Lockman".passed
]]></system-out>
</testcase>
<testcase classname="Rest API Call with Cucumber demo" name="verify users api for individual users 8" time="0.944418">
<system-out><![CDATA[When user calls the user api to match user and company "http://jsonplaceholder.typicode.com/users".passed
Then on response userName "Elwyn.Skiles" should belong to company "Johns Group".passed
]]></system-out>
</testcase>
</testsuite>
